[0814/144222.728:ERROR:process_info.cc(359)] UncheckedAllocate
[0814/144222.783:ERROR:process_info.cc(359)] UncheckedAllocate
[0814/145802.486:ERROR:process_info.cc(359)] UncheckedAllocate
[0814/145855.398:ERROR:process_info.cc(359)] UncheckedAllocate
[0814/152234.396:ERROR:process_info.cc(359)] UncheckedAllocate
[0814/152234.410:ERROR:process_info.cc(359)] UncheckedAllocate
[0814/152310.970:ERROR:process_info.cc(359)] UncheckedAllocate
[0814/152314.463:ERROR:process_info.cc(359)] UncheckedAllocate
[0814/152314.494:ERROR:process_info.cc(359)] UncheckedAllocate
[0814/153413.862:ERROR:process_info.cc(359)] UncheckedAllocate
[0814/160628.145:ERROR:crashpad_client_win.cc(491)] CreateProcess: ???? ???????? ??????? ??? ??? ?????????? ????????. (0x5AF)
[0814/164211.643:ERROR:process_info.cc(359)] UncheckedAllocate
[0814/164218.122:ERROR:process_info.cc(359)] UncheckedAllocate
[0814/164223.176:ERROR:process_info.cc(359)] UncheckedAllocate
[0814/164224.607:ERROR:process_info.cc(359)] UncheckedAllocate
[0814/164255.919:ERROR:process_info.cc(359)] UncheckedAllocate
[0814/164435.930:ERROR:process_info.cc(359)] UncheckedAllocate
[0814/164502.495:ERROR:process_info.cc(359)] UncheckedAllocate
[0814/164543.387:ERROR:process_info.cc(359)] UncheckedAllocate
[0814/165321.318:ERROR:process_info.cc(359)] UncheckedAllocate
[0814/165322.799:ERROR:process_info.cc(359)] UncheckedAllocate
[0814/165524.838:ERROR:process_info.cc(359)] UncheckedAllocate
[0814/165533.381:ERROR:process_info.cc(359)] UncheckedAllocate
[0814/165535.001:ERROR:process_info.cc(359)] UncheckedAllocate
[0814/165535.001:ERROR:process_info.cc(359)] UncheckedAllocate
[0814/165726.779:ERROR:process_info.cc(359)] UncheckedAllocate
[0815/111901.850:ERROR:process_info.cc(359)] UncheckedAllocate
[0815/111913.357:ERROR:process_info.cc(359)] UncheckedAllocate
[0815/111913.403:ERROR:process_info.cc(359)] UncheckedAllocate
[0815/112123.142:ERROR:process_info.cc(359)] UncheckedAllocate
[0815/112143.950:ERROR:process_info.cc(359)] UncheckedAllocate
[0815/112201.279:ERROR:process_info.cc(359)] UncheckedAllocate
[0815/112217.706:ERROR:process_info.cc(359)] UncheckedAllocate
[0815/112223.587:ERROR:process_info.cc(359)] UncheckedAllocate
[0815/112239.705:ERROR:process_info.cc(359)] UncheckedAllocate
[0815/112313.316:ERROR:process_info.cc(359)] UncheckedAllocate
[0815/112331.693:ERROR:process_info.cc(359)] UncheckedAllocate
[0815/112350.797:ERROR:process_info.cc(359)] UncheckedAllocate
[0815/112419.876:ERROR:process_info.cc(359)] UncheckedAllocate
[0815/112420.134:ERROR:process_info.cc(359)] UncheckedAllocate
[0815/115911.419:ERROR:process_info.cc(359)] UncheckedAllocate
[0815/115912.027:ERROR:process_info.cc(359)] UncheckedAllocate
[0815/115926.354:ERROR:process_info.cc(359)] UncheckedAllocate
[0815/115942.723:ERROR:process_info.cc(359)] UncheckedAllocate
[0815/120121.532:ERROR:process_info.cc(359)] UncheckedAllocate
[0815/120227.828:ERROR:process_info.cc(359)] UncheckedAllocate
[0815/120230.740:ERROR:process_info.cc(359)] UncheckedAllocate
[0815/120246.683:ERROR:process_info.cc(359)] UncheckedAllocate
[0815/140633.935:ERROR:process_info.cc(359)] UncheckedAllocate
[0815/140649.849:ERROR:process_info.cc(359)] UncheckedAllocate
[0815/140652.973:ERROR:process_info.cc(359)] UncheckedAllocate
[0815/140653.006:ERROR:process_info.cc(359)] UncheckedAllocate
[0815/141016.298:ERROR:process_info.cc(359)] UncheckedAllocate
[0815/141147.638:ERROR:process_info.cc(359)] UncheckedAllocate
[0815/141147.810:ERROR:process_info.cc(359)] UncheckedAllocate
[0815/152029.827:ERROR:process_info.cc(359)] UncheckedAllocate
[0815/152149.074:ERROR:process_info.cc(359)] UncheckedAllocate
[0815/153639.661:ERROR:process_info.cc(359)] UncheckedAllocate
[0815/153639.664:ERROR:process_info.cc(359)] UncheckedAllocate
[0815/155616.039:ERROR:process_info.cc(359)] UncheckedAllocate
[0815/155700.546:ERROR:process_info.cc(359)] UncheckedAllocate
[0815/155828.640:ERROR:process_info.cc(359)] UncheckedAllocate
[0815/164610.522:ERROR:process_info.cc(359)] UncheckedAllocate
[0815/164613.441:ERROR:process_info.cc(359)] UncheckedAllocate
[0815/164613.837:ERROR:process_info.cc(359)] UncheckedAllocate
[0815/164614.155:ERROR:process_info.cc(359)] UncheckedAllocate
[0815/164614.422:ERROR:process_info.cc(359)] UncheckedAllocate
[0816/143102.307:ERROR:process_info.cc(359)] UncheckedAllocate
[0816/143537.996:ERROR:process_info.cc(359)] UncheckedAllocate
[0816/144907.190:ERROR:process_info.cc(359)] UncheckedAllocate
[0816/145035.760:ERROR:process_info.cc(359)] UncheckedAllocate
[0816/145051.675:ERROR:process_info.cc(359)] UncheckedAllocate
[0816/153129.827:ERROR:process_info.cc(359)] UncheckedAllocate
[0816/153130.298:ERROR:process_info.cc(359)] UncheckedAllocate
[0816/153130.631:ERROR:process_info.cc(359)] UncheckedAllocate
[0816/153155.870:ERROR:process_info.cc(359)] UncheckedAllocate
[0816/172539.573:ERROR:process_info.cc(359)] UncheckedAllocate
[0816/172550.073:ERROR:process_info.cc(359)] UncheckedAllocate
[0816/172550.074:ERROR:process_info.cc(359)] UncheckedAllocate
[0816/172550.103:ERROR:crash_report_database_win.cc(476)] failed to truncate: ??????????? ???????? ?????? ????????? ??? ????? ? ???????? ????????????? ?????????????? ???????. (0x4C8)
[0816/172731.453:ERROR:process_info.cc(359)] UncheckedAllocate
[0816/172731.833:ERROR:process_info.cc(359)] UncheckedAllocate
[0816/174218.617:ERROR:process_info.cc(359)] UncheckedAllocate
[0817/102824.983:ERROR:process_info.cc(359)] UncheckedAllocate
[0817/102825.012:ERROR:process_info.cc(359)] UncheckedAllocate
[0817/102826.551:ERROR:process_reader_win.cc(242)] ReadMemory at 0x1ff0453b590 of 512 bytes failed: ?????? ReadProcessMemory ??? WriteProcessMemory ??? ???????? ?????? ????????. (0x12B)
[0817/102826.552:ERROR:crash_report_exception_handler.cc(111)] WriteEverything failed
[0817/102826.553:ERROR:filesystem_win.cc(148)] DeleteFile C:\Users\Dmitry\AppData\Local\Temp\scoped_dir7200_14339\Crashpad\reports\c6ee1523-863e-42ad-93b2-ae6a92dfc507.dmp: ??????? ?? ????? ???????? ?????? ? ?????, ??? ??? ???? ???? ????? ?????? ?????????. (0x20)
[0817/102906.630:ERROR:process_info.cc(359)] UncheckedAllocate
[0820/163559.310:ERROR:process_info.cc(359)] UncheckedAllocate
[0820/163723.081:ERROR:process_info.cc(359)] UncheckedAllocate
[0820/163807.146:ERROR:process_info.cc(359)] UncheckedAllocate
[0820/163807.563:ERROR:process_info.cc(359)] UncheckedAllocate
[0820/163807.895:ERROR:process_info.cc(359)] UncheckedAllocate
[0820/165333.748:ERROR:process_info.cc(359)] UncheckedAllocate
[0821/105202.037:ERROR:process_info.cc(359)] UncheckedAllocate
[0821/140858.523:ERROR:process_info.cc(359)] UncheckedAllocate
[0821/142948.727:ERROR:process_info.cc(359)] UncheckedAllocate
[0821/155654.519:ERROR:process_info.cc(359)] UncheckedAllocate
[0821/155811.039:ERROR:crashpad_client_win.cc(491)] CreateProcess: ???? ???????? ??????? ??? ??? ?????????? ????????. (0x5AF)
[0821/161011.443:ERROR:process_info.cc(359)] UncheckedAllocate
[0821/161709.552:ERROR:process_info.cc(359)] UncheckedAllocate
[0821/165214.240:ERROR:process_info.cc(359)] UncheckedAllocate
[0821/165654.573:ERROR:process_info.cc(359)] UncheckedAllocate
[0821/165656.871:ERROR:process_info.cc(359)] UncheckedAllocate
[0821/165823.424:ERROR:process_info.cc(359)] UncheckedAllocate
[0822/095218.290:ERROR:process_info.cc(359)] UncheckedAllocate
[0822/102311.205:ERROR:process_info.cc(359)] UncheckedAllocate
[0822/105834.205:ERROR:process_info.cc(359)] UncheckedAllocate
[0822/174110.133:ERROR:process_info.cc(359)] UncheckedAllocate
[0823/165559.638:ERROR:process_info.cc(359)] UncheckedAllocate
[0823/165704.642:ERROR:process_info.cc(359)] UncheckedAllocate
[0823/165704.687:ERROR:process_info.cc(359)] UncheckedAllocate
[0824/162428.315:ERROR:process_info.cc(359)] UncheckedAllocate
[0824/162428.340:ERROR:process_info.cc(359)] UncheckedAllocate
[0824/163649.950:ERROR:process_info.cc(359)] UncheckedAllocate
[0824/163653.755:ERROR:process_info.cc(359)] UncheckedAllocate
[0829/170330.878:ERROR:process_info.cc(359)] UncheckedAllocate
[0830/133644.465:ERROR:process_info.cc(359)] UncheckedAllocate
[0830/154142.676:ERROR:process_info.cc(359)] UncheckedAllocate
[0830/154317.016:ERROR:process_info.cc(359)] UncheckedAllocate
[0830/154320.195:ERROR:process_info.cc(359)] UncheckedAllocate
[0830/154323.451:ERROR:process_info.cc(359)] UncheckedAllocate
[0830/154324.836:ERROR:process_info.cc(359)] UncheckedAllocate
[0830/154428.125:ERROR:process_info.cc(359)] UncheckedAllocate
[0830/154430.025:ERROR:process_info.cc(359)] UncheckedAllocate
[0830/172858.134:ERROR:process_info.cc(359)] UncheckedAllocate
[0830/173935.086:ERROR:process_info.cc(359)] UncheckedAllocate
[0903/142434.109:ERROR:process_info.cc(359)] UncheckedAllocate
[0903/142519.304:ERROR:process_info.cc(359)] UncheckedAllocate
[0903/162803.613:ERROR:process_info.cc(359)] UncheckedAllocate
[0903/163750.525:ERROR:process_info.cc(359)] UncheckedAllocate
[0903/171715.551:ERROR:process_info.cc(359)] UncheckedAllocate
[0904/100119.002:ERROR:process_info.cc(359)] UncheckedAllocate
[0904/100122.826:ERROR:process_info.cc(359)] UncheckedAllocate
[0904/100125.629:ERROR:process_info.cc(359)] UncheckedAllocate
[0904/100203.906:ERROR:process_info.cc(359)] UncheckedAllocate
[0904/100208.806:ERROR:process_info.cc(359)] UncheckedAllocate
[0904/112358.918:ERROR:process_info.cc(359)] UncheckedAllocate
[0904/112358.919:ERROR:process_info.cc(359)] UncheckedAllocate
[0904/140419.221:ERROR:process_info.cc(359)] UncheckedAllocate
[0907/114018.488:ERROR:process_info.cc(359)] UncheckedAllocate
[0907/114023.096:ERROR:process_info.cc(359)] UncheckedAllocate
[0907/122644.941:ERROR:process_info.cc(359)] UncheckedAllocate
[0907/122657.498:ERROR:process_info.cc(359)] UncheckedAllocate
[0907/124309.061:ERROR:process_info.cc(359)] UncheckedAllocate
[0907/124317.305:ERROR:process_info.cc(359)] UncheckedAllocate
[0907/125005.988:ERROR:process_info.cc(359)] UncheckedAllocate
[0907/125129.018:ERROR:process_info.cc(359)] UncheckedAllocate
[0907/125137.046:ERROR:process_info.cc(359)] UncheckedAllocate
[0907/140615.331:ERROR:process_info.cc(359)] UncheckedAllocate
[0921/152151.062:ERROR:process_info.cc(359)] UncheckedAllocate
[0921/152212.200:ERROR:process_info.cc(359)] UncheckedAllocate
[0921/152212.856:ERROR:process_info.cc(359)] UncheckedAllocate
[0921/152212.859:ERROR:process_info.cc(359)] UncheckedAllocate
[0924/112213.555:ERROR:exception_handler_server.cc(526)] ConnectNamedPipe: ???? ???????? ??????. (0xE8)
[0924/173716.744:ERROR:process_info.cc(359)] UncheckedAllocate
