#
# There is insufficient memory for the Java Runtime Environment to continue.
# Native memory allocation (malloc) failed to allocate 300496 bytes for Chunk::new
# Possible reasons:
#   The system is out of physical RAM or swap space
#   In 32 bit mode, the process size limit was hit
# Possible solutions:
#   Reduce memory load on the system
#   Increase physical memory or swap space
#   Check if swap backing store is full
#   Use 64 bit Java on a 64 bit OS
#   Decrease Java heap size (-Xmx/-Xms)
#   Decrease number of Java threads
#   Decrease Java thread stack sizes (-Xss)
#   Set larger code cache with -XX:ReservedCodeCacheSize=
# This output file may be truncated or incomplete.
#
#  Out of Memory Error (allocation.cpp:390), pid=2204, tid=0x0000000000002cfc
#
# JRE version: Java(TM) SE Runtime Environment (8.0_181-b13) (build 1.8.0_181-b13)
# Java VM: Java HotSpot(TM) 64-Bit Server VM (25.181-b13 mixed mode windows-amd64 compressed oops)
# Failed to write core dump. Minidumps are not enabled by default on client versions of Windows
#

---------------  T H R E A D  ---------------

Current thread (0x000000001500a800):  JavaThread "C2 CompilerThread0" daemon [_thread_in_native, id=11516, stack(0x0000000016b20000,0x0000000016c20000)]

Stack: [0x0000000016b20000,0x0000000016c20000]
[error occurred during error reporting (printing stack bounds), id 0xc0000005]

Native frames: (J=compiled Java code, j=interpreted, Vv=VM code, C=native code)


Current CompileTask:
C2:  10628 1418       4       java.io.DataInputStream::readUTF (501 bytes)


---------------  P R O C E S S  ---------------

Java Threads: ( => current thread )
  0x0000000018322800 JavaThread "Okio Watchdog" daemon [_thread_blocked, id=1112, stack(0x0000000019a70000,0x0000000019b70000)]
  0x000000001813d000 JavaThread "OkHttp ConnectionPool" daemon [_thread_blocked, id=7092, stack(0x0000000019970000,0x0000000019a70000)]
  0x0000000017825000 JavaThread "Exec Stream Pumper" daemon [_thread_in_native, id=17140, stack(0x0000000019270000,0x0000000019370000)]
  0x000000001828e000 JavaThread "Exec Stream Pumper" daemon [_thread_in_native, id=13952, stack(0x0000000019170000,0x0000000019270000)]
  0x00000000179cf800 JavaThread "UrlChecker-2" daemon [_thread_blocked, id=5048, stack(0x0000000019070000,0x0000000019170000)]
  0x0000000017726800 JavaThread "Exec Default Executor" daemon [_thread_in_native, id=17404, stack(0x0000000018f70000,0x0000000019070000)]
  0x00000000166aa000 JavaThread "Service Thread" daemon [_thread_blocked, id=16196, stack(0x0000000016e20000,0x0000000016f20000)]
  0x000000001502e000 JavaThread "C1 CompilerThread2" daemon [_thread_blocked, id=9404, stack(0x0000000016d20000,0x0000000016e20000)]
  0x000000001500b000 JavaThread "C2 CompilerThread1" daemon [_thread_blocked, id=11412, stack(0x0000000016c20000,0x0000000016d20000)]
=>0x000000001500a800 JavaThread "C2 CompilerThread0" daemon [_thread_in_native, id=11516, stack(0x0000000016b20000,0x0000000016c20000)]
  0x0000000016663800 JavaThread "Monitor Ctrl-Break" daemon [_thread_in_native, id=11380, stack(0x0000000016a20000,0x0000000016b20000)]
  0x0000000014fd3000 JavaThread "Attach Listener" daemon [_thread_blocked, id=10384, stack(0x0000000016520000,0x0000000016620000)]
  0x0000000014fd2000 JavaThread "Signal Dispatcher" daemon [_thread_blocked, id=7540, stack(0x0000000016420000,0x0000000016520000)]
  0x0000000002a0a000 JavaThread "Finalizer" daemon [_thread_blocked, id=10176, stack(0x0000000016220000,0x0000000016320000)]
  0x0000000002a07000 JavaThread "Reference Handler" daemon [_thread_blocked, id=15120, stack(0x0000000016120000,0x0000000016220000)]
  0x0000000002915000 JavaThread "Forwarding findElements on session 2d7e48fa7aafb77c1689ef266978e09b to remote" [_thread_in_native, id=16252, stack(0x00000000025c0000,0x00000000026c0000)]

Other Threads:
  0x0000000014f98000 VMThread [stack: 0x0000000016020000,0x0000000016120000] [id=12700]
  0x00000000166c4000 WatcherThread [stack: 0x0000000016f20000,0x0000000017020000] [id=1732]

VM state:not at safepoint (normal execution)

VM Mutex/Monitor currently owned by a thread: None

Heap:
 PSYoungGen      total 18944K, used 11098K [0x00000000eb500000, 0x00000000eca00000, 0x0000000100000000)
  eden space 16384K, 52% used [0x00000000eb500000,0x00000000ebd5ea28,0x00000000ec500000)
  from space 2560K, 98% used [0x00000000ec500000,0x00000000ec778030,0x00000000ec780000)
  to   space 2560K, 0% used [0x00000000ec780000,0x00000000ec780000,0x00000000eca00000)
 ParOldGen       total 44032K, used 3126K [0x00000000c1e00000, 0x00000000c4900000, 0x00000000eb500000)
  object space 44032K, 7% used [0x00000000c1e00000,0x00000000c210da40,0x00000000c4900000)
 Metaspace       used 14629K, capacity 15346K, committed 15360K, reserved 1062912K
  class space    used 1830K, capacity 2039K, committed 2048K, reserved 1048576K

Card table byte_map: [0x0000000011dd0000,0x0000000011fd0000] byte_map_base: 0x00000000117c1000

Marking Bits: (ParMarkBitMap*) 0x0000000077f72d00
 Begin Bits: [0x0000000012520000, 0x00000000134a8000)
 End Bits:   [0x00000000134a8000, 0x0000000014430000)

Polling page: 0x0000000000cf0000

CodeCache: size=245760Kb used=5145Kb max_used=5145Kb free=240614Kb
 bounds [0x0000000002a10000, 0x0000000002f20000, 0x0000000011a10000]
 total_blobs=1831 nmethods=1430 adapters=313
 compilation: enabled

Compilation events (10 events):
Event: 10.600 Thread 0x000000001502e000 1427       3       org.openqa.selenium.json.JsonOutput$$Lambda$83/1312884893::test (12 bytes)
Event: 10.601 Thread 0x000000001502e000 nmethod 1427 0x0000000002f16610 code [0x0000000002f167c0, 0x0000000002f16e18]
Event: 10.601 Thread 0x000000001502e000 1429       3       java.lang.StringBuilder::<init> (18 bytes)
Event: 10.601 Thread 0x000000001502e000 nmethod 1429 0x0000000002f17010 code [0x0000000002f171a0, 0x0000000002f17668]
Event: 10.601 Thread 0x000000001502e000 1428       3       org.openqa.selenium.json.JsonOutput::lambda$write$27 (27 bytes)
Event: 10.601 Thread 0x000000001502e000 nmethod 1428 0x0000000002f17850 code [0x0000000002f179e0, 0x0000000002f17e98]
Event: 10.601 Thread 0x000000001502e000 1430       3       java.util.regex.Pattern$1::isSatisfiedBy (13 bytes)
Event: 10.602 Thread 0x000000001502e000 nmethod 1430 0x0000000002f17fd0 code [0x0000000002f18140, 0x0000000002f183f0]
Event: 10.602 Thread 0x000000001502e000 1431       3       java.util.regex.Pattern::access$200 (7 bytes)
Event: 10.602 Thread 0x000000001502e000 nmethod 1431 0x0000000002f184d0 code [0x0000000002f18640, 0x0000000002f18870]

GC Heap History (6 events):
Event: 0.966 GC heap before
{Heap before GC invocations=1 (full 0):
 PSYoungGen      total 18944K, used 16384K [0x00000000eb500000, 0x00000000eca00000, 0x0000000100000000)
  eden space 16384K, 100% used [0x00000000eb500000,0x00000000ec500000,0x00000000ec500000)
  from space 2560K, 0% used [0x00000000ec780000,0x00000000ec780000,0x00000000eca00000)
  to   space 2560K, 0% used [0x00000000ec500000,0x00000000ec500000,0x00000000ec780000)
 ParOldGen       total 44032K, used 0K [0x00000000c1e00000, 0x00000000c4900000, 0x00000000eb500000)
  object space 44032K, 0% used [0x00000000c1e00000,0x00000000c1e00000,0x00000000c4900000)
 Metaspace       used 7536K, capacity 7644K, committed 7936K, reserved 1056768K
  class space    used 895K, capacity 947K, committed 1024K, reserved 1048576K
Event: 0.971 GC heap after
Heap after GC invocations=1 (full 0):
 PSYoungGen      total 18944K, used 2530K [0x00000000eb500000, 0x00000000eca00000, 0x0000000100000000)
  eden space 16384K, 0% used [0x00000000eb500000,0x00000000eb500000,0x00000000ec500000)
  from space 2560K, 98% used [0x00000000ec500000,0x00000000ec7788b8,0x00000000ec780000)
  to   space 2560K, 0% used [0x00000000ec780000,0x00000000ec780000,0x00000000eca00000)
 ParOldGen       total 44032K, used 112K [0x00000000c1e00000, 0x00000000c4900000, 0x00000000eb500000)
  object space 44032K, 0% used [0x00000000c1e00000,0x00000000c1e1c050,0x00000000c4900000)
 Metaspace       used 7536K, capacity 7644K, committed 7936K, reserved 1056768K
  class space    used 895K, capacity 947K, committed 1024K, reserved 1048576K
}
Event: 1.815 GC heap before
{Heap before GC invocations=2 (full 0):
 PSYoungGen      total 18944K, used 18914K [0x00000000eb500000, 0x00000000eca00000, 0x0000000100000000)
  eden space 16384K, 100% used [0x00000000eb500000,0x00000000ec500000,0x00000000ec500000)
  from space 2560K, 98% used [0x00000000ec500000,0x00000000ec7788b8,0x00000000ec780000)
  to   space 2560K, 0% used [0x00000000ec780000,0x00000000ec780000,0x00000000eca00000)
 ParOldGen       total 44032K, used 112K [0x00000000c1e00000, 0x00000000c4900000, 0x00000000eb500000)
  object space 44032K, 0% used [0x00000000c1e00000,0x00000000c1e1c050,0x00000000c4900000)
 Metaspace       used 10043K, capacity 10290K, committed 10624K, reserved 1058816K
  class space    used 1179K, capacity 1289K, committed 1408K, reserved 1048576K
Event: 1.822 GC heap after
Heap after GC invocations=2 (full 0):
 PSYoungGen      total 18944K, used 2528K [0x00000000eb500000, 0x00000000eca00000, 0x0000000100000000)
  eden space 16384K, 0% used [0x00000000eb500000,0x00000000eb500000,0x00000000ec500000)
  from space 2560K, 98% used [0x00000000ec780000,0x00000000ec9f8020,0x00000000eca00000)
  to   space 2560K, 0% used [0x00000000ec500000,0x00000000ec500000,0x00000000ec780000)
 ParOldGen       total 44032K, used 1164K [0x00000000c1e00000, 0x00000000c4900000, 0x00000000eb500000)
  object space 44032K, 2% used [0x00000000c1e00000,0x00000000c1f23000,0x00000000c4900000)
 Metaspace       used 10043K, capacity 10290K, committed 10624K, reserved 1058816K
  class space    used 1179K, capacity 1289K, committed 1408K, reserved 1048576K
}
Event: 2.938 GC heap before
{Heap before GC invocations=3 (full 0):
 PSYoungGen      total 18944K, used 18912K [0x00000000eb500000, 0x00000000eca00000, 0x0000000100000000)
  eden space 16384K, 100% used [0x00000000eb500000,0x00000000ec500000,0x00000000ec500000)
  from space 2560K, 98% used [0x00000000ec780000,0x00000000ec9f8020,0x00000000eca00000)
  to   space 2560K, 0% used [0x00000000ec500000,0x00000000ec500000,0x00000000ec780000)
 ParOldGen       total 44032K, used 1164K [0x00000000c1e00000, 0x00000000c4900000, 0x00000000eb500000)
  object space 44032K, 2% used [0x00000000c1e00000,0x00000000c1f23000,0x00000000c4900000)
 Metaspace       used 12959K, capacity 13634K, committed 13952K, reserved 1060864K
  class space    used 1632K, capacity 1819K, committed 1920K, reserved 1048576K
Event: 2.943 GC heap after
Heap after GC invocations=3 (full 0):
 PSYoungGen      total 18944K, used 2528K [0x00000000eb500000, 0x00000000eca00000, 0x0000000100000000)
  eden space 16384K, 0% used [0x00000000eb500000,0x00000000eb500000,0x00000000ec500000)
  from space 2560K, 98% used [0x00000000ec500000,0x00000000ec778030,0x00000000ec780000)
  to   space 2560K, 0% used [0x00000000ec780000,0x00000000ec780000,0x00000000eca00000)
 ParOldGen       total 44032K, used 3126K [0x00000000c1e00000, 0x00000000c4900000, 0x00000000eb500000)
  object space 44032K, 7% used [0x00000000c1e00000,0x00000000c210da40,0x00000000c4900000)
 Metaspace       used 12959K, capacity 13634K, committed 13952K, reserved 1060864K
  class space    used 1632K, capacity 1819K, committed 1920K, reserved 1048576K
}

Deoptimization events (10 events):
Event: 2.866 Thread 0x0000000002915000 Uncommon trap: reason=class_check action=maybe_recompile pc=0x0000000002dc5344 method=java.util.regex.Matcher.search(I)Z @ 86
Event: 2.866 Thread 0x0000000002915000 Uncommon trap: reason=class_check action=maybe_recompile pc=0x0000000002dc5344 method=java.util.regex.Matcher.search(I)Z @ 86
Event: 2.866 Thread 0x0000000002915000 Uncommon trap: reason=class_check action=maybe_recompile pc=0x0000000002dc5344 method=java.util.regex.Matcher.search(I)Z @ 86
Event: 2.866 Thread 0x0000000002915000 Uncommon trap: reason=class_check action=maybe_recompile pc=0x0000000002d38a24 method=java.util.regex.Pattern$Curly.match(Ljava/util/regex/Matcher;ILjava/lang/CharSequence;)Z @ 19
Event: 2.882 Thread 0x0000000002915000 Uncommon trap: reason=class_check action=maybe_recompile pc=0x0000000002d38a24 method=java.util.regex.Pattern$Curly.match(Ljava/util/regex/Matcher;ILjava/lang/CharSequence;)Z @ 19
Event: 2.882 Thread 0x0000000002915000 Uncommon trap: reason=class_check action=maybe_recompile pc=0x0000000002d38a24 method=java.util.regex.Pattern$Curly.match(Ljava/util/regex/Matcher;ILjava/lang/CharSequence;)Z @ 19
Event: 4.917 Thread 0x0000000002915000 Uncommon trap: reason=class_check action=maybe_recompile pc=0x0000000002eda644 method=org.openqa.selenium.json.Input.init()V @ 18
Event: 4.917 Thread 0x0000000002915000 Uncommon trap: reason=class_check action=maybe_recompile pc=0x0000000002eda644 method=org.openqa.selenium.json.Input.init()V @ 18
Event: 4.917 Thread 0x0000000002915000 Uncommon trap: reason=class_check action=maybe_recompile pc=0x0000000002eda644 method=org.openqa.selenium.json.Input.init()V @ 18
Event: 4.917 Thread 0x0000000002915000 Uncommon trap: reason=class_check action=maybe_recompile pc=0x0000000002eda644 method=org.openqa.selenium.json.Input.init()V @ 18

Classes redefined (0 events):
No events

Internal exceptions (10 events):
Event: 2.677 Thread 0x0000000002915000 Exception <a 'java/lang/ArrayIndexOutOfBoundsException'> (0x00000000eba23898) thrown at [C:\re\workspace\8-2-build-windows-amd64-cygwin\jdk8u181\11358\hotspot\src\share\vm\runtime\sharedRuntime.cpp, line 605]
Event: 2.678 Thread 0x0000000002915000 Exception <a 'java/lang/ArrayIndexOutOfBoundsException'> (0x00000000eba27508) thrown at [C:\re\workspace\8-2-build-windows-amd64-cygwin\jdk8u181\11358\hotspot\src\share\vm\runtime\sharedRuntime.cpp, line 605]
Event: 2.679 Thread 0x0000000002915000 Exception <a 'java/lang/ArrayIndexOutOfBoundsException'> (0x00000000eba28968) thrown at [C:\re\workspace\8-2-build-windows-amd64-cygwin\jdk8u181\11358\hotspot\src\share\vm\runtime\sharedRuntime.cpp, line 605]
Event: 2.679 Thread 0x0000000002915000 Exception <a 'java/lang/ArrayIndexOutOfBoundsException'> (0x00000000eba302a0) thrown at [C:\re\workspace\8-2-build-windows-amd64-cygwin\jdk8u181\11358\hotspot\src\share\vm\runtime\sharedRuntime.cpp, line 605]
Event: 2.680 Thread 0x0000000002915000 Exception <a 'java/lang/ArrayIndexOutOfBoundsException'> (0x00000000eba37210) thrown at [C:\re\workspace\8-2-build-windows-amd64-cygwin\jdk8u181\11358\hotspot\src\share\vm\runtime\sharedRuntime.cpp, line 605]
Event: 2.764 Thread 0x0000000002915000 Exception <a 'java/lang/NoSuchMethodError': java.lang.Object.lambda$chars$0()Ljava/util/Spliterator$OfInt;> (0x00000000ebc9c8a8) thrown at [C:\re\workspace\8-2-build-windows-amd64-cygwin\jdk8u181\11358\hotspot\src\share\vm\interpreter\linkResolver.cpp, li
Event: 4.984 Thread 0x0000000002915000 Exception <a 'java/net/SocketTimeoutException': Read timed out> (0x00000000ebbb8360) thrown at [C:\re\workspace\8-2-build-windows-amd64-cygwin\jdk8u181\11358\hotspot\src\share\vm\prims\jni.cpp, line 735]
Event: 5.000 Thread 0x0000000002915000 Exception <a 'java/net/SocketTimeoutException': Read timed out> (0x00000000ebbdae48) thrown at [C:\re\workspace\8-2-build-windows-amd64-cygwin\jdk8u181\11358\hotspot\src\share\vm\prims\jni.cpp, line 735]
Event: 10.593 Thread 0x0000000002915000 Exception <a 'java/lang/NoSuchMethodError': java.lang.Object.lambda$static$0(Ljava/time/Duration;)V> (0x00000000ebcfc480) thrown at [C:\re\workspace\8-2-build-windows-amd64-cygwin\jdk8u181\11358\hotspot\src\share\vm\interpreter\linkResolver.cpp, line 620]
Event: 10.608 Thread 0x0000000002915000 Exception <a 'java/net/SocketTimeoutException': Read timed out> (0x00000000ebd476d0) thrown at [C:\re\workspace\8-2-build-windows-amd64-cygwin\jdk8u181\11358\hotspot\src\share\vm\prims\jni.cpp, line 735]

Events (10 events):
Event: 10.596 loading class org/openqa/selenium/support/ui/ExpectedCondition
Event: 10.596 loading class org/openqa/selenium/support/ui/ExpectedCondition done
Event: 10.597 loading class org/openqa/selenium/support/ui/ExpectedConditions$22
Event: 10.597 loading class org/openqa/selenium/support/ui/ExpectedConditions$22 done
Event: 10.598 loading class java/time/Instant
Event: 10.598 loading class java/time/Instant done
Event: 10.598 loading class java/time/Instant$1
Event: 10.598 loading class java/time/Instant$1 done
Event: 10.599 loading class org/openqa/selenium/support/ui/ExpectedConditions$7
Event: 10.599 loading class org/openqa/selenium/support/ui/ExpectedConditions$7 done


Dynamic libraries:
0x00007ff6e4510000 - 0x00007ff6e4547000 	C:\Program Files\Java\jdk1.8.0_181\bin\java.exe
0x00007ffbfbb20000 - 0x00007ffbfbd01000 	C:\WINDOWS\SYSTEM32\ntdll.dll
0x00007ffbdb6b0000 - 0x00007ffbdb6e4000 	C:\Program Files\AVAST Software\Avast\x64\aswhooka.dll
0x00007ffbfb500000 - 0x00007ffbfb5b2000 	C:\WINDOWS\System32\KERNEL32.DLL
0x00007ffbf8190000 - 0x00007ffbf8403000 	C:\WINDOWS\System32\KERNELBASE.dll
0x00007ffbf9870000 - 0x00007ffbf9911000 	C:\WINDOWS\System32\ADVAPI32.dll
0x00007ffbf9e30000 - 0x00007ffbf9ece000 	C:\WINDOWS\System32\msvcrt.dll
0x00007ffbfb810000 - 0x00007ffbfb86b000 	C:\WINDOWS\System32\sechost.dll
0x00007ffbfb670000 - 0x00007ffbfb794000 	C:\WINDOWS\System32\RPCRT4.dll
0x00007ffbfb910000 - 0x00007ffbfbaa0000 	C:\WINDOWS\System32\USER32.dll
0x00007ffbf8f90000 - 0x00007ffbf8fb0000 	C:\WINDOWS\System32\win32u.dll
0x00007ffbfb870000 - 0x00007ffbfb898000 	C:\WINDOWS\System32\GDI32.dll
0x00007ffbf8410000 - 0x00007ffbf85a2000 	C:\WINDOWS\System32\gdi32full.dll
0x00007ffbf7ef0000 - 0x00007ffbf7f8f000 	C:\WINDOWS\System32\msvcp_win.dll
0x00007ffbf8090000 - 0x00007ffbf818a000 	C:\WINDOWS\System32\ucrtbase.dll
0x00007ffbebfa0000 - 0x00007ffbec209000 	C:\WINDOWS\WinSxS\amd64_microsoft.windows.common-controls_6595b64144ccf1df_6.0.17134.228_none_fb4599993062b194\COMCTL32.dll
0x00007ffbf99a0000 - 0x00007ffbf9cc3000 	C:\WINDOWS\System32\combase.dll
0x00007ffbf87a0000 - 0x00007ffbf881a000 	C:\WINDOWS\System32\bcryptPrimitives.dll
0x00007ffbfbac0000 - 0x00007ffbfbaed000 	C:\WINDOWS\System32\IMM32.DLL
0x0000000050230000 - 0x0000000050302000 	C:\Program Files\Java\jdk1.8.0_181\jre\bin\msvcr100.dll
0x0000000077750000 - 0x0000000077ff2000 	C:\Program Files\Java\jdk1.8.0_181\jre\bin\server\jvm.dll
0x00007ffbf9f30000 - 0x00007ffbf9f38000 	C:\WINDOWS\System32\PSAPI.DLL
0x00007ffbf4890000 - 0x00007ffbf4899000 	C:\WINDOWS\SYSTEM32\WSOCK32.dll
0x00007ffbfb8a0000 - 0x00007ffbfb90c000 	C:\WINDOWS\System32\WS2_32.dll
0x00007ffbf47c0000 - 0x00007ffbf47e3000 	C:\WINDOWS\SYSTEM32\WINMM.dll
0x00007ffbe87d0000 - 0x00007ffbe87da000 	C:\WINDOWS\SYSTEM32\VERSION.dll
0x00007ffbf4740000 - 0x00007ffbf476a000 	C:\WINDOWS\SYSTEM32\WINMMBASE.dll
0x00007ffbf7f90000 - 0x00007ffbf7fd9000 	C:\WINDOWS\System32\cfgmgr32.dll
0x0000000050220000 - 0x000000005022f000 	C:\Program Files\Java\jdk1.8.0_181\jre\bin\verify.dll
0x00000000501f0000 - 0x0000000050219000 	C:\Program Files\Java\jdk1.8.0_181\jre\bin\java.dll
0x00000000501a0000 - 0x00000000501c3000 	C:\Program Files\Java\jdk1.8.0_181\jre\bin\instrument.dll
0x00000000501d0000 - 0x00000000501e6000 	C:\Program Files\Java\jdk1.8.0_181\jre\bin\zip.dll
0x00007ffbfa0c0000 - 0x00007ffbfb500000 	C:\WINDOWS\System32\SHELL32.dll
0x00007ffbfb5c0000 - 0x00007ffbfb669000 	C:\WINDOWS\System32\shcore.dll
0x00007ffbf8880000 - 0x00007ffbf8f8d000 	C:\WINDOWS\System32\windows.storage.dll
0x00007ffbf9ed0000 - 0x00007ffbf9f21000 	C:\WINDOWS\System32\shlwapi.dll
0x00007ffbf7ed0000 - 0x00007ffbf7ee1000 	C:\WINDOWS\System32\kernel.appcore.dll
0x00007ffbf7e90000 - 0x00007ffbf7eaf000 	C:\WINDOWS\System32\profapi.dll
0x00007ffbf7e30000 - 0x00007ffbf7e7c000 	C:\WINDOWS\System32\powrprof.dll
0x00007ffbf7e80000 - 0x00007ffbf7e8a000 	C:\WINDOWS\System32\FLTLIB.DLL
0x00007ffbf08e0000 - 0x00007ffbf08fa000 	C:\Program Files\JetBrains\IntelliJ IDEA Community Edition 2018.2.1\bin\breakgen64.dll
0x0000000050180000 - 0x000000005019a000 	C:\Program Files\Java\jdk1.8.0_181\jre\bin\net.dll
0x00007ffbf76b0000 - 0x00007ffbf7716000 	C:\WINDOWS\system32\mswsock.dll
0x00007ffbf7470000 - 0x00007ffbf752e000 	C:\WINDOWS\SYSTEM32\DNSAPI.dll
0x00007ffbf9770000 - 0x00007ffbf9778000 	C:\WINDOWS\System32\NSI.dll
0x00007ffbf7430000 - 0x00007ffbf7468000 	C:\WINDOWS\SYSTEM32\IPHLPAPI.DLL
0x00007ffbe9b50000 - 0x00007ffbe9b5a000 	C:\Windows\System32\rasadhlp.dll
0x00007ffbed9f0000 - 0x00007ffbeda62000 	C:\WINDOWS\System32\fwpuclnt.dll
0x00007ffbf7990000 - 0x00007ffbf79b5000 	C:\WINDOWS\SYSTEM32\bcrypt.dll
0x0000000050130000 - 0x0000000050154000 	C:\Program Files\Java\jdk1.8.0_181\jre\bin\sunec.dll
0x0000000050120000 - 0x000000005012b000 	C:\Program Files\Java\jdk1.8.0_181\jre\bin\sunmscapi.dll
0x00007ffbf85b0000 - 0x00007ffbf8792000 	C:\WINDOWS\System32\CRYPT32.dll
0x00007ffbf7eb0000 - 0x00007ffbf7ec2000 	C:\WINDOWS\System32\MSASN1.dll
0x00007ffbecfd0000 - 0x00007ffbecfe6000 	C:\WINDOWS\SYSTEM32\dhcpcsvc6.DLL
0x00007ffbecfb0000 - 0x00007ffbecfca000 	C:\WINDOWS\SYSTEM32\dhcpcsvc.DLL
0x0000000050160000 - 0x0000000050171000 	C:\Program Files\Java\jdk1.8.0_181\jre\bin\nio.dll
0x00007ffbf7860000 - 0x00007ffbf7877000 	C:\WINDOWS\SYSTEM32\CRYPTSP.dll
0x00007ffbf7290000 - 0x00007ffbf72c3000 	C:\WINDOWS\system32\rsaenh.dll
0x00007ffbf7d60000 - 0x00007ffbf7d88000 	C:\WINDOWS\SYSTEM32\USERENV.dll
0x00007ffbf7880000 - 0x00007ffbf788b000 	C:\WINDOWS\SYSTEM32\CRYPTBASE.dll

VM Arguments:
jvm_args: -ea -Didea.test.cyclic.buffer.size=1048576 -javaagent:C:\Program Files\JetBrains\IntelliJ IDEA Community Edition 2018.2.1\lib\idea_rt.jar=37854:C:\Program Files\JetBrains\IntelliJ IDEA Community Edition 2018.2.1\bin -Dfile.encoding=UTF-8 
java_command: com.intellij.rt.execution.junit.JUnitStarter -ideVersion5 -junit4 tryDirect.Tests.DomainNameTests,mauticFormulasLinodeTest
java_class_path (initial): C:\Program Files\JetBrains\IntelliJ IDEA Community Edition 2018.2.1\lib\idea_rt.jar;C:\Program Files\JetBrains\IntelliJ IDEA Community Edition 2018.2.1\plugins\junit\lib\junit-rt.jar;C:\Program Files\JetBrains\IntelliJ IDEA Community Edition 2018.2.1\plugins\junit\lib\junit5-rt.jar;C:\Program Files\Java\jdk1.8.0_181\jre\lib\charsets.jar;C:\Program Files\Java\jdk1.8.0_181\jre\lib\deploy.jar;C:\Program Files\Java\jdk1.8.0_181\jre\lib\ext\access-bridge-64.jar;C:\Program Files\Java\jdk1.8.0_181\jre\lib\ext\cldrdata.jar;C:\Program Files\Java\jdk1.8.0_181\jre\lib\ext\dnsns.jar;C:\Program Files\Java\jdk1.8.0_181\jre\lib\ext\jaccess.jar;C:\Program Files\Java\jdk1.8.0_181\jre\lib\ext\jfxrt.jar;C:\Program Files\Java\jdk1.8.0_181\jre\lib\ext\localedata.jar;C:\Program Files\Java\jdk1.8.0_181\jre\lib\ext\nashorn.jar;C:\Program Files\Java\jdk1.8.0_181\jre\lib\ext\sunec.jar;C:\Program Files\Java\jdk1.8.0_181\jre\lib\ext\sunjce_provider.jar;C:\Program Files\Java\jdk1.8.0_181\jre\lib\ext\sunmscapi.jar;C:\Program Files\Java\jdk1.8.0_181\jre\lib\ext\sunpkcs11.jar;C:\Program Files\Java\jdk1.8.0_181\jre\lib\ext\zipfs.jar;C:\Program Files\Java\jdk1.8.0_181\jre\lib\javaws.jar;C:\Program Files\Java\jdk1.8.0_181\jre\lib\jce.jar;C:\Program Files\Java\jdk1.8.0_181\jre\lib\jfr.jar;C:\Program Files\Java\jdk1.8.0_181\jre\lib\jfxswt.jar;C:\Program Files\Java\jdk1.8.0_181\jre\lib\jsse.jar;C:\Program Files\Java\jdk1.8.0_181\jre\lib\management-agent.jar;C:\Program Files\Java\jdk1.8.0_181\jre\lib\plugin.jar;C:\Program Files\Java\jdk1.8.0_181\jre\lib\resources.jar;C:\Program Files\Java\jdk1.8.0_181\jre\lib\rt.jar;C:\Users\Dmitry\Downloads\tryDirect\tryDirect\out\production\classes;C:\Users\Dmitry\Downloads\tryDirect\tryDirect\out\production\resources;C:\Users\Dmitry\.gradle\caches\modules-2\files-2.1\org.seleniumhq.selenium\selenium-java\3.14.0\5b50d4072e0e51779b6e9f3594106312061bfde\selenium-java-3.14.0.jar;C:\Users\Dmitry\.gradle\caches\modules-2\files-2.1\junit\junit\4.
Launcher Type: SUN_STANDARD

Environment Variables:
JAVA_HOME=C:\Program Files\Java\jdk1.8.0_181
PATH=C:\Program Files (x86)\Common Files\Oracle\Java\javapath;C:\Program Files (x86)\Common Files\Intel\Shared Files\cpp\bin\Intel64;C:\ProgramData\Oracle\Java\javapath;C:\Program Files (x86)\Intel\iCLS Client\;C:\Program Files\Intel\iCLS Client\;C:\WINDOWS\system32;C:\WINDOWS;C:\WINDOWS\System32\Wbem;C:\WINDOWS\System32\WindowsPowerShell\v1.0\;C:\Program Files\Intel\Intel(R) Management Engine Components\DAL;C:\Program Files\Intel\Intel(R) Management Engine Components\IPT;C:\Program Files (x86)\Intel\Intel(R) Management Engine Components\DAL;C:\Program Files (x86)\Intel\Intel(R) Management Engine Components\IPT;C:\Program Files (x86)\Windows Live\Shared;C:\Program Files (x86)\Intel\OpenCL SDK\2.0\bin\x86;C:\Program Files (x86)\Intel\OpenCL SDK\2.0\bin\x64;C:\Program Files\Intel\WiFi\bin\;C:\Program Files\Common Files\Intel\WirelessCommon\;C:\Program Files (x86)\Skype\Phone\;C:\Program Files\Git\cmd;C:\WINDOWS\System32\OpenSSH\;C:\Program Files\Java\jdk1.8.0_181\bin;C:\Users\Dmitry\Downloads\apache-maven-3.5.4-bin\apache-maven-3.5.4\bin;C:\Program Files (x86)\QuickTime\QTSystem\;C:\Program Files\Intel\WiFi\bin\;C:\Program Files\Common Files\Intel\WirelessCommon\;%USERPROFILE%\AppData\Local\Microsoft\WindowsApps;
USERNAME=Artur
OS=Windows_NT
PROCESSOR_IDENTIFIER=Intel64 Family 6 Model 58 Stepping 9, GenuineIntel



---------------  S Y S T E M  ---------------

OS: Windows 10.0 , 64 bit Build 17134 (10.0.17134.1)

CPU:total 4 (initial active 4) (2 cores per cpu, 2 threads per core) family 6 model 58 stepping 9, cmov, cx8, fxsr, mmx, sse, sse2, sse3, ssse3, sse4.1, sse4.2, popcnt, avx, aes, clmul, erms, ht, tsc, tscinvbit, tscinv

Memory: 4k page, physical 4070680k(498644k free), swap 6167832k(4228k free)

vm_info: Java HotSpot(TM) 64-Bit Server VM (25.181-b13) for windows-amd64 JRE (1.8.0_181-b13), built on Jul  7 2018 04:01:33 by "java_re" with MS VC++ 10.0 (VS2010)

time: Wed Aug 22 10:24:02 2018
elapsed time: 10 seconds (0d 0h 0m 10s)

