#
# There is insufficient memory for the Java Runtime Environment to continue.
# Native memory allocation (malloc) failed to allocate 1048576 bytes for AllocateHeap
# Possible reasons:
#   The system is out of physical RAM or swap space
#   In 32 bit mode, the process size limit was hit
# Possible solutions:
#   Reduce memory load on the system
#   Increase physical memory or swap space
#   Check if swap backing store is full
#   Use 64 bit Java on a 64 bit OS
#   Decrease Java heap size (-Xmx/-Xms)
#   Decrease number of Java threads
#   Decrease Java thread stack sizes (-Xss)
#   Set larger code cache with -XX:ReservedCodeCacheSize=
# This output file may be truncated or incomplete.
#
#  Out of Memory Error (memory/allocation.inline.hpp:61), pid=10688, tid=0x0000000000002c74
#
# JRE version:  (8.0_181-b13) (build )
# Java VM: Java HotSpot(TM) 64-Bit Server VM (25.181-b13 mixed mode windows-amd64 compressed oops)
# Failed to write core dump. Minidumps are not enabled by default on client versions of Windows
#

---------------  T H R E A D  ---------------

Current thread (0x0000000002665000):  JavaThread "Unknown thread" [_thread_in_vm, id=11380, stack(0x0000000002320000,0x0000000002420000)]

Stack: [0x0000000002320000,0x0000000002420000]
[error occurred during error reporting (printing stack bounds), id 0xc0000005]

Native frames: (J=compiled Java code, j=interpreted, Vv=VM code, C=native code)


---------------  P R O C E S S  ---------------

Java Threads: ( => current thread )

Other Threads:

=>0x0000000002665000 (exited) JavaThread "Unknown thread" [_thread_in_vm, id=11380, stack(0x0000000002320000,0x0000000002420000)]

VM state:not at safepoint (normal execution)

VM Mutex/Monitor currently owned by a thread: None

Heap:
 PSYoungGen      total 18944K, used 327K [0x00000000eb500000, 0x00000000eca00000, 0x0000000100000000)
  eden space 16384K, 2% used [0x00000000eb500000,0x00000000eb551ec8,0x00000000ec500000)
  from space 2560K, 0% used [0x00000000ec780000,0x00000000ec780000,0x00000000eca00000)
  to   space 2560K, 0% used [0x00000000ec500000,0x00000000ec500000,0x00000000ec780000)
 ParOldGen       total 44032K, used 0K [0x00000000c1e00000, 0x00000000c4900000, 0x00000000eb500000)
  object space 44032K, 0% used [0x00000000c1e00000,0x00000000c1e00000,0x00000000c4900000)
 Metaspace       used 775K, capacity 4480K, committed 4480K, reserved 1056768K
  class space    used 76K, capacity 384K, committed 384K, reserved 1048576K

Card table byte_map: [0x0000000011b20000,0x0000000011d20000] byte_map_base: 0x0000000011511000

Marking Bits: (ParMarkBitMap*) 0x0000000077f72d00
 Begin Bits: [0x0000000012270000, 0x00000000131f8000)
 End Bits:   [0x00000000131f8000, 0x0000000014180000)

Polling page: 0x0000000002420000

CodeCache: size=245760Kb used=328Kb max_used=328Kb free=245431Kb
 bounds [0x0000000002760000, 0x00000000029d0000, 0x0000000011760000]
 total_blobs=58 nmethods=0 adapters=38
 compilation: enabled

Compilation events (0 events):
No events

GC Heap History (0 events):
No events

Deoptimization events (0 events):
No events

Classes redefined (0 events):
No events

Internal exceptions (0 events):
No events

Events (10 events):
Event: 0.045 loading class java/lang/Short
Event: 0.045 loading class java/lang/Short done
Event: 0.045 loading class java/lang/Integer
Event: 0.046 loading class java/lang/Integer done
Event: 0.046 loading class java/lang/Long
Event: 0.046 loading class java/lang/Long done
Event: 0.048 loading class java/lang/NullPointerException
Event: 0.048 loading class java/lang/NullPointerException done
Event: 0.048 loading class java/lang/ArithmeticException
Event: 0.049 loading class java/lang/ArithmeticException done


Dynamic libraries:
0x00007ff7acb20000 - 0x00007ff7acb57000 	C:\Program Files\Java\jdk1.8.0_181\bin\java.exe
0x00007ffbfbb20000 - 0x00007ffbfbd01000 	C:\WINDOWS\SYSTEM32\ntdll.dll
0x00007ffbdb6b0000 - 0x00007ffbdb6e4000 	C:\Program Files\AVAST Software\Avast\x64\aswhooka.dll
0x00007ffbfb500000 - 0x00007ffbfb5b2000 	C:\WINDOWS\System32\KERNEL32.DLL
0x00007ffbf8190000 - 0x00007ffbf8403000 	C:\WINDOWS\System32\KERNELBASE.dll
0x00007ffbf9870000 - 0x00007ffbf9911000 	C:\WINDOWS\System32\ADVAPI32.dll
0x00007ffbf9e30000 - 0x00007ffbf9ece000 	C:\WINDOWS\System32\msvcrt.dll
0x00007ffbfb810000 - 0x00007ffbfb86b000 	C:\WINDOWS\System32\sechost.dll
0x00007ffbfb670000 - 0x00007ffbfb794000 	C:\WINDOWS\System32\RPCRT4.dll
0x00007ffbfb910000 - 0x00007ffbfbaa0000 	C:\WINDOWS\System32\USER32.dll
0x00007ffbf8f90000 - 0x00007ffbf8fb0000 	C:\WINDOWS\System32\win32u.dll
0x00007ffbfb870000 - 0x00007ffbfb898000 	C:\WINDOWS\System32\GDI32.dll
0x00007ffbf8410000 - 0x00007ffbf85a2000 	C:\WINDOWS\System32\gdi32full.dll
0x00007ffbf7ef0000 - 0x00007ffbf7f8f000 	C:\WINDOWS\System32\msvcp_win.dll
0x00007ffbf8090000 - 0x00007ffbf818a000 	C:\WINDOWS\System32\ucrtbase.dll
0x00007ffbebfa0000 - 0x00007ffbec209000 	C:\WINDOWS\WinSxS\amd64_microsoft.windows.common-controls_6595b64144ccf1df_6.0.17134.228_none_fb4599993062b194\COMCTL32.dll
0x00007ffbf99a0000 - 0x00007ffbf9cc3000 	C:\WINDOWS\System32\combase.dll
0x00007ffbf87a0000 - 0x00007ffbf881a000 	C:\WINDOWS\System32\bcryptPrimitives.dll
0x00007ffbfbac0000 - 0x00007ffbfbaed000 	C:\WINDOWS\System32\IMM32.DLL
0x00000000502b0000 - 0x0000000050382000 	C:\Program Files\Java\jdk1.8.0_181\jre\bin\msvcr100.dll
0x0000000077750000 - 0x0000000077ff2000 	C:\Program Files\Java\jdk1.8.0_181\jre\bin\server\jvm.dll
0x00007ffbf9f30000 - 0x00007ffbf9f38000 	C:\WINDOWS\System32\PSAPI.DLL
0x00007ffbef1f0000 - 0x00007ffbef1f9000 	C:\WINDOWS\SYSTEM32\WSOCK32.dll
0x00007ffbfb8a0000 - 0x00007ffbfb90c000 	C:\WINDOWS\System32\WS2_32.dll
0x00007ffbf47c0000 - 0x00007ffbf47e3000 	C:\WINDOWS\SYSTEM32\WINMM.dll
0x00007ffbe87d0000 - 0x00007ffbe87da000 	C:\WINDOWS\SYSTEM32\VERSION.dll
0x00007ffbf4740000 - 0x00007ffbf476a000 	C:\WINDOWS\SYSTEM32\WINMMBASE.dll
0x00007ffbf7f90000 - 0x00007ffbf7fd9000 	C:\WINDOWS\System32\cfgmgr32.dll
0x00000000502a0000 - 0x00000000502af000 	C:\Program Files\Java\jdk1.8.0_181\jre\bin\verify.dll
0x0000000050270000 - 0x0000000050299000 	C:\Program Files\Java\jdk1.8.0_181\jre\bin\java.dll
0x0000000050240000 - 0x0000000050263000 	C:\Program Files\Java\jdk1.8.0_181\jre\bin\instrument.dll
0x0000000050220000 - 0x0000000050236000 	C:\Program Files\Java\jdk1.8.0_181\jre\bin\zip.dll

VM Arguments:
jvm_args: -ea -Didea.test.cyclic.buffer.size=1048576 -javaagent:C:\Program Files\JetBrains\IntelliJ IDEA Community Edition 2018.2.1\lib\idea_rt.jar=25511:C:\Program Files\JetBrains\IntelliJ IDEA Community Edition 2018.2.1\bin -Dfile.encoding=UTF-8 
java_command: com.intellij.rt.execution.junit.JUnitStarter -ideVersion5 -junit4 tryDirect.Tests.DomainNameTests,mauticFormulasOWNtest
java_class_path (initial): C:\Program Files\JetBrains\IntelliJ IDEA Community Edition 2018.2.1\lib\idea_rt.jar;C:\Program Files\JetBrains\IntelliJ IDEA Community Edition 2018.2.1\plugins\junit\lib\junit-rt.jar;C:\Program Files\JetBrains\IntelliJ IDEA Community Edition 2018.2.1\plugins\junit\lib\junit5-rt.jar;C:\Program Files\Java\jdk1.8.0_181\jre\lib\charsets.jar;C:\Program Files\Java\jdk1.8.0_181\jre\lib\deploy.jar;C:\Program Files\Java\jdk1.8.0_181\jre\lib\ext\access-bridge-64.jar;C:\Program Files\Java\jdk1.8.0_181\jre\lib\ext\cldrdata.jar;C:\Program Files\Java\jdk1.8.0_181\jre\lib\ext\dnsns.jar;C:\Program Files\Java\jdk1.8.0_181\jre\lib\ext\jaccess.jar;C:\Program Files\Java\jdk1.8.0_181\jre\lib\ext\jfxrt.jar;C:\Program Files\Java\jdk1.8.0_181\jre\lib\ext\localedata.jar;C:\Program Files\Java\jdk1.8.0_181\jre\lib\ext\nashorn.jar;C:\Program Files\Java\jdk1.8.0_181\jre\lib\ext\sunec.jar;C:\Program Files\Java\jdk1.8.0_181\jre\lib\ext\sunjce_provider.jar;C:\Program Files\Java\jdk1.8.0_181\jre\lib\ext\sunmscapi.jar;C:\Program Files\Java\jdk1.8.0_181\jre\lib\ext\sunpkcs11.jar;C:\Program Files\Java\jdk1.8.0_181\jre\lib\ext\zipfs.jar;C:\Program Files\Java\jdk1.8.0_181\jre\lib\javaws.jar;C:\Program Files\Java\jdk1.8.0_181\jre\lib\jce.jar;C:\Program Files\Java\jdk1.8.0_181\jre\lib\jfr.jar;C:\Program Files\Java\jdk1.8.0_181\jre\lib\jfxswt.jar;C:\Program Files\Java\jdk1.8.0_181\jre\lib\jsse.jar;C:\Program Files\Java\jdk1.8.0_181\jre\lib\management-agent.jar;C:\Program Files\Java\jdk1.8.0_181\jre\lib\plugin.jar;C:\Program Files\Java\jdk1.8.0_181\jre\lib\resources.jar;C:\Program Files\Java\jdk1.8.0_181\jre\lib\rt.jar;C:\Users\Dmitry\Downloads\tryDirect\tryDirect\out\production\classes;C:\Users\Dmitry\Downloads\tryDirect\tryDirect\out\production\resources;C:\Users\Dmitry\.gradle\caches\modules-2\files-2.1\org.seleniumhq.selenium\selenium-java\3.14.0\5b50d4072e0e51779b6e9f3594106312061bfde\selenium-java-3.14.0.jar;C:\Users\Dmitry\.gradle\caches\modules-2\files-2.1\junit\junit\4.
Launcher Type: SUN_STANDARD

Environment Variables:
JAVA_HOME=C:\Program Files\Java\jdk1.8.0_181
PATH=C:\Program Files (x86)\Common Files\Oracle\Java\javapath;C:\Program Files (x86)\Common Files\Intel\Shared Files\cpp\bin\Intel64;C:\ProgramData\Oracle\Java\javapath;C:\Program Files (x86)\Intel\iCLS Client\;C:\Program Files\Intel\iCLS Client\;C:\WINDOWS\system32;C:\WINDOWS;C:\WINDOWS\System32\Wbem;C:\WINDOWS\System32\WindowsPowerShell\v1.0\;C:\Program Files\Intel\Intel(R) Management Engine Components\DAL;C:\Program Files\Intel\Intel(R) Management Engine Components\IPT;C:\Program Files (x86)\Intel\Intel(R) Management Engine Components\DAL;C:\Program Files (x86)\Intel\Intel(R) Management Engine Components\IPT;C:\Program Files (x86)\Windows Live\Shared;C:\Program Files (x86)\Intel\OpenCL SDK\2.0\bin\x86;C:\Program Files (x86)\Intel\OpenCL SDK\2.0\bin\x64;C:\Program Files\Intel\WiFi\bin\;C:\Program Files\Common Files\Intel\WirelessCommon\;C:\Program Files (x86)\Skype\Phone\;C:\Program Files\Git\cmd;C:\WINDOWS\System32\OpenSSH\;C:\Program Files\Java\jdk1.8.0_181\bin;C:\Users\Dmitry\Downloads\apache-maven-3.5.4-bin\apache-maven-3.5.4\bin;C:\Program Files (x86)\QuickTime\QTSystem\;C:\Program Files\Intel\WiFi\bin\;C:\Program Files\Common Files\Intel\WirelessCommon\;%USERPROFILE%\AppData\Local\Microsoft\WindowsApps;
USERNAME=Artur
OS=Windows_NT
PROCESSOR_IDENTIFIER=Intel64 Family 6 Model 58 Stepping 9, GenuineIntel



---------------  S Y S T E M  ---------------

OS: Windows 10.0 , 64 bit Build 17134 (10.0.17134.1)

CPU:total 4 (initial active 4) (2 cores per cpu, 2 threads per core) family 6 model 58 stepping 9, cmov, cx8, fxsr, mmx, sse, sse2, sse3, ssse3, sse4.1, sse4.2, popcnt, avx, aes, clmul, erms, ht, tsc, tscinvbit, tscinv

Memory: 4k page, physical 4070680k(499996k free), swap 6167832k(156836k free)

vm_info: Java HotSpot(TM) 64-Bit Server VM (25.181-b13) for windows-amd64 JRE (1.8.0_181-b13), built on Jul  7 2018 04:01:33 by "java_re" with MS VC++ 10.0 (VS2010)

time: Tue Aug 21 15:31:56 2018
elapsed time: 0 seconds (0d 0h 0m 0s)

